This is TeX, Version 3.14159 (Web2C 7.3.1) (format=latex 2001.9.7)  9 JUL 2002 00:16
**manual.tex
(manual.tex
LaTeX2e <2000/06/01>
Babel <v3.7h> and hyphenation patterns for american, french, german, ngerman, i
talian, nohyphenation, loaded.
(/usr/share/texmf/tex/latex/base/report.cls
Document Class: report 2000/05/19 v1.4b Standard LaTeX document class
(/usr/share/texmf/tex/latex/base/size10.clo
File: size10.clo 2000/05/19 v1.4b Standard LaTeX file (size option)
)
\c@part=\count79
\c@chapter=\count80
\c@section=\count81
\c@subsection=\count82
\c@subsubsection=\count83
\c@paragraph=\count84
\c@subparagraph=\count85
\c@figure=\count86
\c@table=\count87
\abovecaptionskip=\skip41
\belowcaptionskip=\skip42
\bibindent=\dimen102
) (manual.aux)
\openout1 = `manual.aux'.

LaTeX Font Info:    Checking defaults for OML/cmm/m/it on input line 7.
LaTeX Font Info:    ... okay on input line 7.
LaTeX Font Info:    Checking defaults for T1/cmr/m/n on input line 7.
LaTeX Font Info:    ... okay on input line 7.
LaTeX Font Info:    Checking defaults for OT1/cmr/m/n on input line 7.
LaTeX Font Info:    ... okay on input line 7.
LaTeX Font Info:    Checking defaults for OMS/cmsy/m/n on input line 7.
LaTeX Font Info:    ... okay on input line 7.
LaTeX Font Info:    Checking defaults for OMX/cmex/m/n on input line 7.
LaTeX Font Info:    ... okay on input line 7.
LaTeX Font Info:    Checking defaults for U/cmr/m/n on input line 7.
LaTeX Font Info:    ... okay on input line 7.
LaTeX Font Info:    External font `cmex10' loaded for size
(Font)              <12> on input line 8.
LaTeX Font Info:    External font `cmex10' loaded for size
(Font)              <8> on input line 8.
LaTeX Font Info:    External font `cmex10' loaded for size
(Font)              <6> on input line 8.
 [1

] (manual.toc
LaTeX Font Info:    External font `cmex10' loaded for size
(Font)              <7> on input line 3.
LaTeX Font Info:    External font `cmex10' loaded for size
(Font)              <5> on input line 3.

[1

] [2] [3] [4])
\tf@toc=\write3
\openout3 = `manual.toc'.

 [5] [6

]
Chapter 1.
[7

] [8]
Chapter 2.
[9

] [10] [11]
Chapter 3.
[12

]
LaTeX Font Info:    Try loading font information for OMS+cmr on input line 275.

 (/usr/share/texmf/tex/latex/base/omscmr.fd
File: omscmr.fd 1999/05/25 v2.5h Standard LaTeX font definitions
)
LaTeX Font Info:    Font shape `OMS/cmr/bx/n' in size <10> not available
(Font)              Font shape `OMS/cmsy/b/n' tried instead on input line 275.
 [13]
Chapter 4.
[14

]
Chapter 5.
[15

] [16]
Chapter 6.
[17

] [18]
Chapter 7.
[19

] [20]
Chapter 8.
[21

] [22]
Chapter 9.
[23

] [24]
Overfull \hbox (0.24724pt too wide) in paragraph at lines 810--810
 []\OT1/cmtt/m/n/10 define function Then( f: Function, g: Function ): Function 
as[] 
 []

[25] [26]
Chapter 10.
[27

]
Chapter 11.
[28

] [29] [30]
LaTeX Font Info:    Font shape `OMS/cmr/m/n' in size <10> not available
(Font)              Font shape `OMS/cmsy/m/n' tried instead on input line 1011.

 [31] [32]
Chapter 12.
[33

] [34]
Chapter 13.
[35

] [36] [37] [38]
Chapter 14.
[39

]
Chapter 15.
[40

] [41]
Chapter 16.
[42

]
Chapter 17.
[43

]
Chapter 18.
[44

] [45] [46] [47

]
Chapter 19.
[48

]
Chapter 20.
[49

] [50] [51] [52] [53]
Chapter 21.
[54

] [55] [56] [57] [58] [59] [60] [61] [62] [63] [64]
Chapter 22.
LaTeX Font Info:    Try loading font information for OMS+cmtt on input line 255
0.
LaTeX Font Info:    No file OMScmtt.fd. on input line 2550.

LaTeX Font Warning: Font shape `OMS/cmtt/m/n' undefined
(Font)              using `OMS/cmsy/m/n' instead
(Font)              for symbol `textbraceleft' on input line 2550.

[65

] [66] [67] [68] [69] [70] [71] [72] [73] [74] [75]
Chapter 23.
[76

] [77]
Chapter 24.
[78

] [79] [80] [81] [82] [83] [84] [85] [86]
Overfull \hbox (7.55528pt too wide) in paragraph at lines 3711--3714
[]\OT1/cmr/bx/n/10 p.pathScheme\OT1/cmr/m/n/10 , \OT1/cmr/bx/n/10 p.pathRoot\OT
1/cmr/m/n/10 , \OT1/cmr/bx/n/10 p.pathDirs\OT1/cmr/m/n/10 , \OT1/cmr/bx/n/10 p.
pathName\OT1/cmr/m/n/10 , \OT1/cmr/bx/n/10 p.pathSuffix\OT1/cmr/m/n/10 ,
 []

[87] [88] [89] [90]
Appendix A.

Overfull \hbox (59.4453pt too wide) in paragraph at lines 3926--3946
[][] 
 []

[91

]
Appendix B.
[92

] [93]
Appendix C.
[94

] [95] [96] [97] [98] [99] [100] [101] [102] (manual.aux)

LaTeX Font Warning: Some font shapes were not available, defaults substituted.

 ) 
Here is how much of TeX's memory you used:
 282 strings out of 20887
 2924 string characters out of 196275
 49666 words of memory out of 350001
 3278 multiletter control sequences out of 10000+15000
 9876 words of font info for 35 fonts, out of 400000 for 1000
 14 hyphenation exceptions out of 10000
 23i,13n,19p,198b,390s stack positions out of 3000i,100n,1500p,50000b,4000s

Output written on manual.dvi (103 pages, 223192 bytes).
